<?xml version="1.0" encoding="UTF-8"?>
<!-- Generated by org.testng.reporters.JUnitReportReporter -->
<testsuite hostname="HP" failures="0" tests="1" name="Resources.CommonMethod" time="3.685" errors="0" timestamp="2022-12-30T19:14:59 IST" skipped="0">
  <testcase classname="Resources.CommonMethod" name="SelectCurrency" time="3.685"/>
  <system-out/>
</testsuite> <!-- Resources.CommonMethod -->
