<?xml version="1.0" encoding="UTF-8"?>
<!-- Generated by org.testng.reporters.JUnitReportReporter -->
<testsuite hostname="HP" failures="0" tests="1" name="ItemPriceVerification.ItemPriceVerificationTest" time="16.725" errors="0" timestamp="2023-01-20T19:29:47 IST" skipped="0">
  <testcase classname="ItemPriceVerification.ItemPriceVerificationTest" name="PriceVerification" time="16.725"/>
  <system-out/>
</testsuite> <!-- ItemPriceVerification.ItemPriceVerificationTest -->
