<?xml version="1.0" encoding="UTF-8"?>
<!-- Generated by org.testng.reporters.JUnitReportReporter -->
<testsuite hostname="HP" failures="0" tests="4" name="HeaderFooterVerificationTest.VerificationOfHeaderObjectTC" time="14.855" errors="0" timestamp="2023-01-20T10:00:27 IST" skipped="3">
  <testcase classname="HeaderFooterVerificationTest.VerificationOfHeaderObjectTC" name="DesktopLinks" time="14.855"/>
  <system-out/>
  <testcase classname="HeaderFooterVerificationTest.VerificationOfHeaderObjectTC" name="VerificationOfHeaderLinks">
    <skipped/>
  </testcase> <!-- VerificationOfHeaderLinks -->
  <system-out/>
  <testcase classname="HeaderFooterVerificationTest.VerificationOfHeaderObjectTC" name="Contacts">
    <skipped/>
  </testcase> <!-- Contacts -->
  <system-out/>
  <testcase classname="HeaderFooterVerificationTest.VerificationOfHeaderObjectTC" name="CurrencyDropDown">
    <skipped/>
  </testcase> <!-- CurrencyDropDown -->
  <system-out/>
</testsuite> <!-- HeaderFooterVerificationTest.VerificationOfHeaderObjectTC -->
