<?xml version="1.0" encoding="UTF-8"?>
<!-- Generated by org.testng.reporters.JUnitReportReporter -->
<testsuite hostname="HP" failures="0" tests="1" name="HeaderFooterVerificationTest.VarificationOfFooterObjectTest" time="7.742" errors="0" timestamp="2023-01-20T19:37:12 IST" skipped="0">
  <testcase classname="HeaderFooterVerificationTest.VarificationOfFooterObjectTest" name="AllFooterLink" time="7.742"/>
  <system-out/>
</testsuite> <!-- HeaderFooterVerificationTest.VarificationOfFooterObjectTest -->
