<?xml version="1.0" encoding="UTF-8"?>
<!-- Generated by org.testng.reporters.JUnitReportReporter -->
<testsuite hostname="HP" failures="0" tests="4" name="Account.AccountCreationTestCAse" time="90.726" errors="0" timestamp="2023-01-20T19:32:40 IST" skipped="0">
  <testcase classname="Account.AccountCreationTestCAse" name="InValidLoginTest" time="8.197"/>
  <system-out/>
  <testcase classname="Account.AccountCreationTestCAse" name="InValidLoginTest" time="26.287"/>
  <system-out/>
  <testcase classname="Account.AccountCreationTestCAse" name="InValidLoginTest" time="8.910"/>
  <system-out/>
  <testcase classname="Account.AccountCreationTestCAse" name="RegisterUser" time="47.332"/>
  <system-out/>
</testsuite> <!-- Account.AccountCreationTestCAse -->
