<?xml version="1.0" encoding="UTF-8"?>
<!-- Generated by org.testng.reporters.JUnitReportReporter -->
<testsuite hostname="HP" failures="0" tests="4" name="HeaderFooterVerificationTest.VerificationOfHeaderObjectTest" time="35.766" errors="0" timestamp="2023-01-23T19:12:23 IST" skipped="0">
  <testcase classname="HeaderFooterVerificationTest.VerificationOfHeaderObjectTest" name="CurrencyDropDown" time="11.556"/>
  <system-out/>
  <testcase classname="HeaderFooterVerificationTest.VerificationOfHeaderObjectTest" name="Contacts" time="7.258"/>
  <system-out/>
  <testcase classname="HeaderFooterVerificationTest.VerificationOfHeaderObjectTest" name="VerificationOfHeaderLinks" time="7.708"/>
  <system-out/>
  <testcase classname="HeaderFooterVerificationTest.VerificationOfHeaderObjectTest" name="DesktopLinks" time="9.244"/>
  <system-out/>
</testsuite> <!-- HeaderFooterVerificationTest.VerificationOfHeaderObjectTest -->
