<?xml version="1.0" encoding="UTF-8"?>
<!-- Generated by org.testng.reporters.JUnitReportReporter -->
<testsuite hostname="HP" failures="0" tests="2" name="Account.RegisterTestCase" time="20.955" errors="0" timestamp="2023-01-02T20:22:57 IST" skipped="1">
  <testcase classname="Account.RegisterTestCase" name="Account" time="20.955"/>
  <system-out/>
  <testcase classname="Account.RegisterTestCase" name="RegisterUser">
    <skipped/>
  </testcase> <!-- RegisterUser -->
  <system-out/>
</testsuite> <!-- Account.RegisterTestCase -->
