<?xml version="1.0" encoding="UTF-8"?>
<!-- Generated by org.testng.reporters.JUnitReportReporter -->
<testsuite hostname="HP" failures="0" tests="4" name="HeaderVerificationTest.VerificationOfHeaderObjectTC" time="10.667" errors="0" timestamp="2023-01-20T09:43:51 IST" skipped="3">
  <testcase classname="HeaderVerificationTest.VerificationOfHeaderObjectTC" name="DesktopLinks" time="10.667"/>
  <system-out/>
  <testcase classname="HeaderVerificationTest.VerificationOfHeaderObjectTC" name="CurrencyDropDown">
    <skipped/>
  </testcase> <!-- CurrencyDropDown -->
  <system-out/>
  <testcase classname="HeaderVerificationTest.VerificationOfHeaderObjectTC" name="Contacts">
    <skipped/>
  </testcase> <!-- Contacts -->
  <system-out/>
  <testcase classname="HeaderVerificationTest.VerificationOfHeaderObjectTC" name="VerificationOfHeaderLinks">
    <skipped/>
  </testcase> <!-- VerificationOfHeaderLinks -->
  <system-out/>
</testsuite> <!-- HeaderVerificationTest.VerificationOfHeaderObjectTC -->
