<?xml version="1.0" encoding="UTF-8"?>
<!-- Generated by org.testng.reporters.JUnitReportReporter -->
<testsuite hostname="HP" failures="0" tests="2" name="Account.VerificationOfHeaderObjectTC" time="13.761" errors="0" timestamp="2023-01-19T21:56:22 IST" skipped="0">
  <testcase classname="Account.VerificationOfHeaderObjectTC" name="CurrencyDropDown" time="4.493"/>
  <system-out/>
  <testcase classname="Account.VerificationOfHeaderObjectTC" name="Contacts" time="9.268"/>
  <system-out/>
</testsuite> <!-- Account.VerificationOfHeaderObjectTC -->
