<?xml version="1.0" encoding="UTF-8"?>
<!-- Generated by org.testng.reporters.JUnitReportReporter -->
<testsuite hostname="HP" failures="0" tests="4" name="Account.AccountCreationTestCAse" time="43.551" errors="0" timestamp="2023-01-23T19:12:23 IST" skipped="0">
  <testcase classname="Account.AccountCreationTestCAse" name="InValidLoginTest" time="4.975"/>
  <system-out/>
  <testcase classname="Account.AccountCreationTestCAse" name="InValidLoginTest" time="5.572"/>
  <system-out/>
  <testcase classname="Account.AccountCreationTestCAse" name="InValidLoginTest" time="12.261"/>
  <system-out/>
  <testcase classname="Account.AccountCreationTestCAse" name="RegisterUser" time="20.743"/>
  <system-out/>
</testsuite> <!-- Account.AccountCreationTestCAse -->
