<?xml version="1.0" encoding="UTF-8"?>
<!-- Generated by org.testng.reporters.JUnitReportReporter -->
<testsuite hostname="HP" failures="0" tests="1" name="HeaderFooterVerificationTest.VarificationOfFooterObjectTest" time="4.296" errors="0" timestamp="2023-01-23T19:12:23 IST" skipped="0">
  <testcase classname="HeaderFooterVerificationTest.VarificationOfFooterObjectTest" name="AllFooterLink" time="4.296"/>
  <system-out/>
</testsuite> <!-- HeaderFooterVerificationTest.VarificationOfFooterObjectTest -->
