<?xml version="1.0" encoding="UTF-8"?>
<!-- Generated by org.testng.reporters.JUnitReportReporter -->
<testsuite hostname="HP" failures="0" tests="1" name="HeaderFooterVerificationTest.VarificationOfFooterObjectTC" time="13.192" errors="0" timestamp="2023-01-20T10:10:25 IST" skipped="0">
  <testcase classname="HeaderFooterVerificationTest.VarificationOfFooterObjectTC" name="AllFooterLink" time="13.192"/>
  <system-out/>
</testsuite> <!-- HeaderFooterVerificationTest.VarificationOfFooterObjectTC -->
