<?xml version="1.0" encoding="UTF-8"?>
<!-- Generated by org.testng.reporters.JUnitReportReporter -->
<testsuite hostname="HP" failures="0" tests="4" name="HeaderFooterVerificationTest.VerificationOfHeaderObjectTest" time="73.677" errors="0" timestamp="2023-01-20T19:29:47 IST" skipped="0">
  <testcase classname="HeaderFooterVerificationTest.VerificationOfHeaderObjectTest" name="CurrencyDropDown" time="9.550"/>
  <system-out/>
  <testcase classname="HeaderFooterVerificationTest.VerificationOfHeaderObjectTest" name="Contacts" time="9.219"/>
  <system-out/>
  <testcase classname="HeaderFooterVerificationTest.VerificationOfHeaderObjectTest" name="VerificationOfHeaderLinks" time="32.377"/>
  <system-out/>
  <testcase classname="HeaderFooterVerificationTest.VerificationOfHeaderObjectTest" name="DesktopLinks" time="22.531"/>
  <system-out/>
</testsuite> <!-- HeaderFooterVerificationTest.VerificationOfHeaderObjectTest -->
