<?xml version="1.0" encoding="UTF-8"?>
<!-- Generated by org.testng.reporters.JUnitReportReporter -->
<testsuite hostname="HP" failures="0" tests="1" name="HeaderVerificationTest.AllModule" time="9.217" errors="0" timestamp="2022-12-31T10:30:01 IST" skipped="0">
  <testcase classname="HeaderVerificationTest.AllModule" name="SelectCurrency" time="9.217"/>
  <system-out/>
</testsuite> <!-- HeaderVerificationTest.AllModule -->
